#
# There is insufficient memory for the Java Runtime Environment to continue.
# Native memory allocation (malloc) failed to allocate 120176 bytes for Chunk::new
# Possible reasons:
#   The system is out of physical RAM or swap space
#   In 32 bit mode, the process size limit was hit
# Possible solutions:
#   Reduce memory load on the system
#   Increase physical memory or swap space
#   Check if swap backing store is full
#   Use 64 bit Java on a 64 bit OS
#   Decrease Java heap size (-Xmx/-Xms)
#   Decrease number of Java threads
#   Decrease Java thread stack sizes (-Xss)
#   Set larger code cache with -XX:ReservedCodeCacheSize=
# This output file may be truncated or incomplete.
#
#  Out of Memory Error (allocation.cpp:390), pid=9256, tid=3596
#
# JRE version: Java(TM) SE Runtime Environment (8.0_60-b27) (build 1.8.0_60-b27)
# Java VM: Java HotSpot(TM) 64-Bit Server VM (25.60-b23 mixed mode windows-amd64 compressed oops)
# Failed to write core dump. Minidumps are not enabled by default on client versions of Windows
#

---------------  T H R E A D  ---------------

Current thread (0x00000000150ab800):  JavaThread "C2 CompilerThread0" daemon [_thread_in_native, id=3596, stack(0x00000000166f0000,0x00000000167f0000)]

Stack: [0x00000000166f0000,0x00000000167f0000]
[error occurred during error reporting (printing stack bounds), id 0xc0000005]

Native frames: (J=compiled Java code, j=interpreted, Vv=VM code, C=native code)


Current CompileTask:
C2:    314  568       4       java.util.HashMap::get (23 bytes)


---------------  P R O C E S S  ---------------

Java Threads: ( => current thread )
  0x0000000016beb000 JavaThread "pool-2-thread-4" [_thread_in_Java, id=7228, stack(0x00000000173f0000,0x00000000174f0000)]
  0x0000000016c58000 JavaThread "pool-2-thread-3" [_thread_in_Java, id=12796, stack(0x00000000172f0000,0x00000000173f0000)]
  0x0000000016bd5000 JavaThread "pool-2-thread-2" [_thread_in_Java, id=9884, stack(0x00000000171f0000,0x00000000172f0000)]
  0x0000000016c17000 JavaThread "pool-3-thread-1" [_thread_blocked, id=7612, stack(0x00000000170f0000,0x00000000171f0000)]
  0x0000000016c14800 JavaThread "pool-2-thread-1" [_thread_in_Java, id=10072, stack(0x0000000016ff0000,0x00000000170f0000)]
  0x000000001510d800 JavaThread "Service Thread" daemon [_thread_blocked, id=5656, stack(0x0000000016df0000,0x0000000016ef0000)]
  0x00000000150bc000 JavaThread "C1 CompilerThread2" daemon [_thread_in_native, id=1500, stack(0x00000000168f0000,0x00000000169f0000)]
  0x00000000150b3000 JavaThread "C2 CompilerThread1" daemon [_thread_in_native, id=9576, stack(0x00000000167f0000,0x00000000168f0000)]
=>0x00000000150ab800 JavaThread "C2 CompilerThread0" daemon [_thread_in_native, id=3596, stack(0x00000000166f0000,0x00000000167f0000)]
  0x00000000150a9800 JavaThread "Attach Listener" daemon [_thread_blocked, id=12512, stack(0x00000000165f0000,0x00000000166f0000)]
  0x00000000150a8800 JavaThread "Signal Dispatcher" daemon [_thread_blocked, id=7660, stack(0x00000000164f0000,0x00000000165f0000)]
  0x0000000002937000 JavaThread "Finalizer" daemon [_thread_blocked, id=10484, stack(0x0000000016310000,0x0000000016410000)]
  0x000000000292e000 JavaThread "Reference Handler" daemon [_thread_blocked, id=12724, stack(0x0000000016210000,0x0000000016310000)]
  0x00000000029de000 JavaThread "main" [_thread_in_native, id=12168, stack(0x0000000002710000,0x0000000002810000)]

Other Threads:
  0x0000000015078000 VMThread [stack: 0x0000000016110000,0x0000000016210000] [id=11572]
  0x0000000016a4f000 WatcherThread [stack: 0x0000000016ef0000,0x0000000016ff0000] [id=7464]

VM state:not at safepoint (normal execution)

VM Mutex/Monitor currently owned by a thread: None

Heap:
 PSYoungGen      total 76288K, used 19941K [0x00000000eab00000, 0x00000000f0000000, 0x0000000100000000)
  eden space 65536K, 30% used [0x00000000eab00000,0x00000000ebe79560,0x00000000eeb00000)
  from space 10752K, 0% used [0x00000000ef580000,0x00000000ef580000,0x00000000f0000000)
  to   space 10752K, 0% used [0x00000000eeb00000,0x00000000eeb00000,0x00000000ef580000)
 ParOldGen       total 175104K, used 0K [0x00000000c0000000, 0x00000000cab00000, 0x00000000eab00000)
  object space 175104K, 0% used [0x00000000c0000000,0x00000000c0000000,0x00000000cab00000)
 Metaspace       used 5627K, capacity 6640K, committed 6784K, reserved 1056768K
  class space    used 594K, capacity 616K, committed 640K, reserved 1048576K

Card table byte_map: [0x0000000011da0000,0x0000000011fb0000] byte_map_base: 0x00000000117a0000

Marking Bits: (ParMarkBitMap*) 0x000000005148a5b0
 Begin Bits: [0x0000000012510000, 0x0000000013510000)
 End Bits:   [0x0000000013510000, 0x0000000014510000)

Polling page: 0x0000000002810000

CodeCache: size=245760Kb used=2178Kb max_used=2190Kb free=243581Kb
 bounds [0x00000000029e0000, 0x0000000002c50000, 0x00000000119e0000]
 total_blobs=832 nmethods=563 adapters=182
 compilation: enabled

Compilation events (10 events):
Event: 0.289 Thread 0x00000000150bc000 nmethod 508 0x0000000002bfe410 code [0x0000000002bfe560, 0x0000000002bfe650]
Event: 0.289 Thread 0x00000000150bc000  556       3       com.android.dx.rop.code.BasicBlockList$RegCountVisitor::visitPlainInsn (6 bytes)
Event: 0.290 Thread 0x00000000150bc000 nmethod 556 0x0000000002c01cd0 code [0x0000000002c01e40, 0x0000000002c01fc8]
Event: 0.290 Thread 0x00000000150bc000  476       1       com.android.dx.rop.code.ThrowingCstInsn::getCatches (5 bytes)
Event: 0.290 Thread 0x00000000150bc000 nmethod 476 0x0000000002c01a10 code [0x0000000002c01b60, 0x0000000002c01c70]
Event: 0.290 Thread 0x00000000150bc000  569       3       com.android.dx.cf.code.ByteOps::opInfo (6 bytes)
Event: 0.290 Thread 0x00000000150bc000 nmethod 569 0x0000000002c01690 code [0x0000000002c017e0, 0x0000000002c01930]
Event: 0.290 Thread 0x00000000150bc000  570   !   3       com.android.dx.cf.code.BytecodeArray::parseInstruction (2764 bytes)
Event: 0.290 Thread 0x00000000150b3000 nmethod 567 0x0000000002bffbd0 code [0x0000000002bffd20, 0x0000000002bfff78]
Event: 0.290 Thread 0x00000000150b3000  574       4       java.util.BitSet::set (58 bytes)

GC Heap History (0 events):
No events

Deoptimization events (1 events):
Event: 0.281 Thread 0x00000000029de000 Uncommon trap: reason=unstable_if action=reinterpret pc=0x0000000002beee78 method=java.util.HashMap.getNode(ILjava/lang/Object;)Ljava/util/HashMap$Node; @ 129

Internal exceptions (2 events):
Event: 0.031 Thread 0x00000000029de000 Exception <a 'java/lang/NoSuchMethodError': Method sun.misc.Unsafe.defineClass(Ljava/lang/String;[BII)Ljava/lang/Class; name or signature does not match> (0x00000000eab0e1e8) thrown at [C:\re\workspace\8-2-build-windows-amd64-cygwin\jdk8u60\4407\hotspot\sr
Event: 0.031 Thread 0x00000000029de000 Exception <a 'java/lang/NoSuchMethodError': Method sun.misc.Unsafe.prefetchRead(Ljava/lang/Object;J)V name or signature does not match> (0x00000000eab0e4d0) thrown at [C:\re\workspace\8-2-build-windows-amd64-cygwin\jdk8u60\4407\hotspot\src\share\vm\prims\j

Events (10 events):
Event: 0.265 loading class com/android/dx/cf/code/SwitchList done
Event: 0.271 loading class java/util/HashMap$Values
Event: 0.271 loading class java/util/HashMap$Values done
Event: 0.271 loading class java/util/HashMap$ValueIterator
Event: 0.271 loading class java/util/HashMap$ValueIterator done
Event: 0.272 loading class com/android/dx/ssa/back/FirstFitLocalCombiningAllocator$Multiset
Event: 0.272 loading class com/android/dx/ssa/back/FirstFitLocalCombiningAllocator$Multiset done
Event: 0.281 Thread 0x00000000029de000 Uncommon trap: trap_request=0xffffff65 fr.pc=0x0000000002beee78
Event: 0.281 Thread 0x00000000029de000 DEOPT PACKING pc=0x0000000002beee78 sp=0x000000000280dfe0
Event: 0.281 Thread 0x00000000029de000 DEOPT UNPACKING pc=0x0000000002a2582a sp=0x000000000280df58 mode 2


Dynamic libraries:
0x00007ff79e7f0000 - 0x00007ff79e827000 	C:\Program Files\Java\jdk1.8.0_60\bin\java.exe
0x00007ffec0720000 - 0x00007ffec08e1000 	C:\WINDOWS\SYSTEM32\ntdll.dll
0x00007ffebe960000 - 0x00007ffebea0d000 	C:\WINDOWS\system32\KERNEL32.DLL
0x00007ffebd220000 - 0x00007ffebd408000 	C:\WINDOWS\system32\KERNELBASE.dll
0x0000000053210000 - 0x00000000532be000 	C:\Program Files\Bitdefender\Bitdefender 2016\Active Virus Control\Avc3_00369_031\avcuf64.dll
0x00007ffebe710000 - 0x00007ffebe7b7000 	C:\WINDOWS\system32\ADVAPI32.dll
0x00007ffebe270000 - 0x00007ffebe30d000 	C:\WINDOWS\system32\msvcrt.dll
0x00007ffec00d0000 - 0x00007ffec012b000 	C:\WINDOWS\system32\sechost.dll
0x00007ffebe310000 - 0x00007ffebe42c000 	C:\WINDOWS\system32\RPCRT4.dll
0x00007ffebea10000 - 0x00007ffebeb66000 	C:\WINDOWS\system32\USER32.dll
0x00007ffec0320000 - 0x00007ffec04a6000 	C:\WINDOWS\system32\GDI32.dll
0x00007ffeb5700000 - 0x00007ffeb5974000 	C:\WINDOWS\WinSxS\amd64_microsoft.windows.common-controls_6595b64144ccf1df_6.0.10586.589_none_a2ddb3caa539acce\COMCTL32.dll
0x00007ffebdfc0000 - 0x00007ffebe23d000 	C:\WINDOWS\system32\combase.dll
0x00007ffebd1b0000 - 0x00007ffebd21a000 	C:\WINDOWS\system32\bcryptPrimitives.dll
0x00007ffec0130000 - 0x00007ffec016b000 	C:\WINDOWS\system32\IMM32.DLL
0x0000000051510000 - 0x00000000515e2000 	C:\Program Files\Java\jdk1.8.0_60\jre\bin\msvcr100.dll
0x0000000050c80000 - 0x0000000051509000 	C:\Program Files\Java\jdk1.8.0_60\jre\bin\server\jvm.dll
0x00007ffebdb80000 - 0x00007ffebdb88000 	C:\WINDOWS\system32\PSAPI.DLL
0x00007ffebb4d0000 - 0x00007ffebb4d9000 	C:\WINDOWS\SYSTEM32\WSOCK32.dll
0x00007ffebe7c0000 - 0x00007ffebe82b000 	C:\WINDOWS\system32\WS2_32.dll
0x00007ffebb160000 - 0x00007ffebb183000 	C:\WINDOWS\SYSTEM32\WINMM.dll
0x00007ffeba670000 - 0x00007ffeba67a000 	C:\WINDOWS\SYSTEM32\VERSION.dll
0x00007ffebaf30000 - 0x00007ffebaf5c000 	C:\WINDOWS\SYSTEM32\WINMMBASE.dll
0x00007ffebd090000 - 0x00007ffebd0d3000 	C:\WINDOWS\system32\cfgmgr32.dll
0x0000000050c70000 - 0x0000000050c7f000 	C:\Program Files\Java\jdk1.8.0_60\jre\bin\verify.dll
0x0000000050c40000 - 0x0000000050c69000 	C:\Program Files\Java\jdk1.8.0_60\jre\bin\java.dll
0x0000000050c20000 - 0x0000000050c36000 	C:\Program Files\Java\jdk1.8.0_60\jre\bin\zip.dll
0x00007ffebeb70000 - 0x00007ffec00cc000 	C:\WINDOWS\system32\SHELL32.dll
0x00007ffebd410000 - 0x00007ffebda55000 	C:\WINDOWS\system32\windows.storage.dll
0x00007ffebdb20000 - 0x00007ffebdb72000 	C:\WINDOWS\system32\shlwapi.dll
0x00007ffebcda0000 - 0x00007ffebcdaf000 	C:\WINDOWS\system32\kernel.appcore.dll
0x00007ffebda60000 - 0x00007ffebdb15000 	C:\WINDOWS\system32\shcore.dll
0x00007ffebcd50000 - 0x00007ffebcd9b000 	C:\WINDOWS\system32\powrprof.dll
0x00007ffebcdb0000 - 0x00007ffebcdc4000 	C:\WINDOWS\system32\profapi.dll

VM Arguments:
jvm_args: -Djava.awt.headless=true -Xmx1024M -Dfile.encoding=windows-1252 -Duser.country=US -Duser.language=en -Duser.variant 
java_command: com.android.dx.command.Main --dex --force-jumbo --num-threads=4 --multi-dex --output C:\Users\Daniel\AndroidStudioProjects\FakeFestifyWithSpotifyAPI\app\build\intermediates\transforms\dex\debug\folders\1000\10\intermediates-exploded-aar-spotify-player-beta23-noconnect-2.20b_fc6172726ca445d2b0994055a0587a319471270b C:\Users\Daniel\AndroidStudioProjects\FakeFestifyWithSpotifyAPI\app\build\intermediates\exploded-aar\spotify-player-beta23-noconnect-2.20b\jars\classes.jar
java_class_path (initial): C:\Users\Daniel\AppData\Local\Android\sdk\build-tools\23.0.3\lib\dx.jar
Launcher Type: SUN_STANDARD

Environment Variables:
USERNAME=Daniel
OS=Windows_NT
PROCESSOR_IDENTIFIER=Intel64 Family 6 Model 60 Stepping 3, GenuineIntel



---------------  S Y S T E M  ---------------

OS: Windows 10.0 , 64 bit Build 10586 (10.0.10586.589)

CPU:total 4 (2 cores per cpu, 2 threads per core) family 6 model 60 stepping 3, cmov, cx8, fxsr, mmx, sse, sse2, sse3, ssse3, sse4.1, sse4.2, popcnt, avx, avx2, aes, clmul, erms, lzcnt, ht, tsc, tscinvbit, bmi1, bmi2

Memory: 4k page, physical 16687384k(1938724k free), swap 19759384k(4404k free)

vm_info: Java HotSpot(TM) 64-Bit Server VM (25.60-b23) for windows-amd64 JRE (1.8.0_60-b27), built on Aug  4 2015 11:06:27 by "java_re" with MS VC++ 10.0 (VS2010)

time: Mon Oct 31 15:37:22 2016
elapsed time: 0 seconds (0d 0h 0m 0s)

